<?xml version="1.0" encoding="UTF-8"?>
<testsuite xmlns:xsi="http://www.w3.org/2001/XMLSchema-instance" xsi:noNamespaceSchemaLocation="https://maven.apache.org/surefire/maven-surefire-plugin/xsd/surefire-test-report.xsd" name="com.system.SystemAdminApplicationTests" time="9.278" tests="1" errors="0" skipped="0" failures="0">
  <properties>
    <property name="sun.desktop" value="windows"/>
    <property name="awt.toolkit" value="sun.awt.windows.WToolkit"/>
    <property name="file.encoding.pkg" value="sun.io"/>
    <property name="java.specification.version" value="1.8"/>
    <property name="sun.cpu.isalist" value="amd64"/>
    <property name="sun.jnu.encoding" value="GBK"/>
    <property name="java.class.path" value="E:\workspace\gamesystem\system_admin\target\test-classes;E:\workspace\gamesystem\system_admin\target\classes;D:\repo\org\springframework\boot\spring-boot-starter-web\2.0.4.RELEASE\spring-boot-starter-web-2.0.4.RELEASE.jar;D:\repo\org\springframework\boot\spring-boot-starter\2.0.4.RELEASE\spring-boot-starter-2.0.4.RELEASE.jar;D:\repo\org\springframework\boot\spring-boot\2.0.4.RELEASE\spring-boot-2.0.4.RELEASE.jar;D:\repo\org\springframework\boot\spring-boot-starter-logging\2.0.4.RELEASE\spring-boot-starter-logging-2.0.4.RELEASE.jar;D:\repo\ch\qos\logback\logback-classic\1.2.3\logback-classic-1.2.3.jar;D:\repo\ch\qos\logback\logback-core\1.2.3\logback-core-1.2.3.jar;D:\repo\org\apache\logging\log4j\log4j-to-slf4j\2.10.0\log4j-to-slf4j-2.10.0.jar;D:\repo\org\apache\logging\log4j\log4j-api\2.10.0\log4j-api-2.10.0.jar;D:\repo\org\slf4j\jul-to-slf4j\1.7.25\jul-to-slf4j-1.7.25.jar;D:\repo\javax\annotation\javax.annotation-api\1.3.2\javax.annotation-api-1.3.2.jar;D:\repo\org\yaml\snakeyaml\1.19\snakeyaml-1.19.jar;D:\repo\org\springframework\boot\spring-boot-starter-json\2.0.4.RELEASE\spring-boot-starter-json-2.0.4.RELEASE.jar;D:\repo\com\fasterxml\jackson\core\jackson-databind\2.9.6\jackson-databind-2.9.6.jar;D:\repo\com\fasterxml\jackson\datatype\jackson-datatype-jdk8\2.9.6\jackson-datatype-jdk8-2.9.6.jar;D:\repo\com\fasterxml\jackson\datatype\jackson-datatype-jsr310\2.9.6\jackson-datatype-jsr310-2.9.6.jar;D:\repo\com\fasterxml\jackson\module\jackson-module-parameter-names\2.9.6\jackson-module-parameter-names-2.9.6.jar;D:\repo\org\springframework\boot\spring-boot-starter-tomcat\2.0.4.RELEASE\spring-boot-starter-tomcat-2.0.4.RELEASE.jar;D:\repo\org\apache\tomcat\embed\tomcat-embed-core\8.5.32\tomcat-embed-core-8.5.32.jar;D:\repo\org\apache\tomcat\embed\tomcat-embed-el\8.5.32\tomcat-embed-el-8.5.32.jar;D:\repo\org\apache\tomcat\embed\tomcat-embed-websocket\8.5.32\tomcat-embed-websocket-8.5.32.jar;D:\repo\org\hibernate\validator\hibernate-validator\6.0.11.Final\hibernate-validator-6.0.11.Final.jar;D:\repo\javax\validation\validation-api\2.0.1.Final\validation-api-2.0.1.Final.jar;D:\repo\org\jboss\logging\jboss-logging\3.3.2.Final\jboss-logging-3.3.2.Final.jar;D:\repo\org\springframework\spring-web\5.0.8.RELEASE\spring-web-5.0.8.RELEASE.jar;D:\repo\org\springframework\spring-beans\5.0.8.RELEASE\spring-beans-5.0.8.RELEASE.jar;D:\repo\org\springframework\spring-webmvc\5.0.8.RELEASE\spring-webmvc-5.0.8.RELEASE.jar;D:\repo\org\springframework\spring-aop\5.0.8.RELEASE\spring-aop-5.0.8.RELEASE.jar;D:\repo\org\springframework\spring-context\5.0.8.RELEASE\spring-context-5.0.8.RELEASE.jar;D:\repo\org\springframework\spring-expression\5.0.8.RELEASE\spring-expression-5.0.8.RELEASE.jar;D:\repo\org\springframework\cloud\spring-cloud-starter-netflix-eureka-client\2.0.1.RELEASE\spring-cloud-starter-netflix-eureka-client-2.0.1.RELEASE.jar;D:\repo\org\springframework\cloud\spring-cloud-starter\2.0.1.RELEASE\spring-cloud-starter-2.0.1.RELEASE.jar;D:\repo\org\springframework\cloud\spring-cloud-context\2.0.1.RELEASE\spring-cloud-context-2.0.1.RELEASE.jar;D:\repo\org\springframework\security\spring-security-crypto\5.0.7.RELEASE\spring-security-crypto-5.0.7.RELEASE.jar;D:\repo\org\springframework\cloud\spring-cloud-commons\2.0.1.RELEASE\spring-cloud-commons-2.0.1.RELEASE.jar;D:\repo\org\springframework\security\spring-security-rsa\1.0.5.RELEASE\spring-security-rsa-1.0.5.RELEASE.jar;D:\repo\org\bouncycastle\bcpkix-jdk15on\1.56\bcpkix-jdk15on-1.56.jar;D:\repo\org\bouncycastle\bcprov-jdk15on\1.56\bcprov-jdk15on-1.56.jar;D:\repo\org\springframework\cloud\spring-cloud-netflix-core\2.0.1.RELEASE\spring-cloud-netflix-core-2.0.1.RELEASE.jar;D:\repo\org\springframework\cloud\spring-cloud-netflix-eureka-client\2.0.1.RELEASE\spring-cloud-netflix-eureka-client-2.0.1.RELEASE.jar;D:\repo\com\netflix\eureka\eureka-client\1.9.3\eureka-client-1.9.3.jar;D:\repo\org\codehaus\jettison\jettison\1.3.7\jettison-1.3.7.jar;D:\repo\stax\stax-api\1.0.1\stax-api-1.0.1.jar;D:\repo\com\netflix\netflix-commons\netflix-eventbus\0.3.0\netflix-eventbus-0.3.0.jar;D:\repo\com\netflix\netflix-commons\netflix-infix\0.3.0\netflix-infix-0.3.0.jar;D:\repo\commons-jxpath\commons-jxpath\1.3\commons-jxpath-1.3.jar;D:\repo\joda-time\joda-time\2.9.9\joda-time-2.9.9.jar;D:\repo\org\antlr\antlr-runtime\3.4\antlr-runtime-3.4.jar;D:\repo\org\antlr\stringtemplate\3.2.1\stringtemplate-3.2.1.jar;D:\repo\antlr\antlr\2.7.7\antlr-2.7.7.jar;D:\repo\com\google\code\gson\gson\2.8.5\gson-2.8.5.jar;D:\repo\org\apache\commons\commons-math\2.2\commons-math-2.2.jar;D:\repo\com\netflix\archaius\archaius-core\0.7.6\archaius-core-0.7.6.jar;D:\repo\javax\ws\rs\jsr311-api\1.1.1\jsr311-api-1.1.1.jar;D:\repo\com\netflix\servo\servo-core\0.12.21\servo-core-0.12.21.jar;D:\repo\com\sun\jersey\jersey-core\1.19.1\jersey-core-1.19.1.jar;D:\repo\com\sun\jersey\jersey-client\1.19.1\jersey-client-1.19.1.jar;D:\repo\com\sun\jersey\contribs\jersey-apache-client4\1.19.1\jersey-apache-client4-1.19.1.jar;D:\repo\org\apache\httpcomponents\httpclient\4.5.6\httpclient-4.5.6.jar;D:\repo\org\apache\httpcomponents\httpcore\4.4.10\httpcore-4.4.10.jar;D:\repo\commons-codec\commons-codec\1.11\commons-codec-1.11.jar;D:\repo\com\google\inject\guice\4.1.0\guice-4.1.0.jar;D:\repo\javax\inject\javax.inject\1\javax.inject-1.jar;D:\repo\aopalliance\aopalliance\1.0\aopalliance-1.0.jar;D:\repo\com\github\vlsi\compactmap\compactmap\1.2.1\compactmap-1.2.1.jar;D:\repo\com\github\andrewoma\dexx\dexx-collections\0.2\dexx-collections-0.2.jar;D:\repo\com\fasterxml\jackson\core\jackson-annotations\2.9.0\jackson-annotations-2.9.0.jar;D:\repo\com\fasterxml\jackson\core\jackson-core\2.9.6\jackson-core-2.9.6.jar;D:\repo\com\netflix\eureka\eureka-core\1.9.3\eureka-core-1.9.3.jar;D:\repo\org\codehaus\woodstox\woodstox-core-asl\4.4.1\woodstox-core-asl-4.4.1.jar;D:\repo\javax\xml\stream\stax-api\1.0-2\stax-api-1.0-2.jar;D:\repo\org\codehaus\woodstox\stax2-api\3.1.4\stax2-api-3.1.4.jar;D:\repo\org\springframework\cloud\spring-cloud-starter-netflix-archaius\2.0.1.RELEASE\spring-cloud-starter-netflix-archaius-2.0.1.RELEASE.jar;D:\repo\org\springframework\cloud\spring-cloud-netflix-ribbon\2.0.1.RELEASE\spring-cloud-netflix-ribbon-2.0.1.RELEASE.jar;D:\repo\org\springframework\cloud\spring-cloud-netflix-archaius\2.0.1.RELEASE\spring-cloud-netflix-archaius-2.0.1.RELEASE.jar;D:\repo\commons-configuration\commons-configuration\1.8\commons-configuration-1.8.jar;D:\repo\org\springframework\cloud\spring-cloud-starter-netflix-ribbon\2.0.1.RELEASE\spring-cloud-starter-netflix-ribbon-2.0.1.RELEASE.jar;D:\repo\com\netflix\ribbon\ribbon\2.2.5\ribbon-2.2.5.jar;D:\repo\com\netflix\ribbon\ribbon-transport\2.2.5\ribbon-transport-2.2.5.jar;D:\repo\io\reactivex\rxnetty-contexts\0.4.9\rxnetty-contexts-0.4.9.jar;D:\repo\io\reactivex\rxnetty-servo\0.4.9\rxnetty-servo-0.4.9.jar;D:\repo\com\netflix\hystrix\hystrix-core\1.5.12\hystrix-core-1.5.12.jar;D:\repo\org\hdrhistogram\HdrHistogram\2.1.9\HdrHistogram-2.1.9.jar;D:\repo\io\reactivex\rxnetty\0.4.9\rxnetty-0.4.9.jar;D:\repo\io\netty\netty-codec-http\4.1.27.Final\netty-codec-http-4.1.27.Final.jar;D:\repo\io\netty\netty-codec\4.1.27.Final\netty-codec-4.1.27.Final.jar;D:\repo\io\netty\netty-transport-native-epoll\4.1.27.Final\netty-transport-native-epoll-4.1.27.Final.jar;D:\repo\io\netty\netty-common\4.1.27.Final\netty-common-4.1.27.Final.jar;D:\repo\io\netty\netty-buffer\4.1.27.Final\netty-buffer-4.1.27.Final.jar;D:\repo\io\netty\netty-transport-native-unix-common\4.1.27.Final\netty-transport-native-unix-common-4.1.27.Final.jar;D:\repo\io\netty\netty-transport\4.1.27.Final\netty-transport-4.1.27.Final.jar;D:\repo\io\netty\netty-resolver\4.1.27.Final\netty-resolver-4.1.27.Final.jar;D:\repo\com\netflix\ribbon\ribbon-core\2.2.5\ribbon-core-2.2.5.jar;D:\repo\com\netflix\ribbon\ribbon-httpclient\2.2.5\ribbon-httpclient-2.2.5.jar;D:\repo\com\netflix\netflix-commons\netflix-commons-util\0.3.0\netflix-commons-util-0.3.0.jar;D:\repo\com\netflix\ribbon\ribbon-loadbalancer\2.2.5\ribbon-loadbalancer-2.2.5.jar;D:\repo\com\netflix\netflix-commons\netflix-statistics\0.1.1\netflix-statistics-0.1.1.jar;D:\repo\io\reactivex\rxjava\1.3.8\rxjava-1.3.8.jar;D:\repo\com\netflix\ribbon\ribbon-eureka\2.2.5\ribbon-eureka-2.2.5.jar;D:\repo\com\thoughtworks\xstream\xstream\1.4.10\xstream-1.4.10.jar;D:\repo\xmlpull\xmlpull\1.1.3.1\xmlpull-1.1.3.1.jar;D:\repo\xpp3\xpp3_min\1.1.4c\xpp3_min-1.1.4c.jar;D:\repo\org\springframework\cloud\spring-cloud-starter-sleuth\2.0.1.RELEASE\spring-cloud-starter-sleuth-2.0.1.RELEASE.jar;D:\repo\org\springframework\boot\spring-boot-starter-aop\2.0.4.RELEASE\spring-boot-starter-aop-2.0.4.RELEASE.jar;D:\repo\org\aspectj\aspectjweaver\1.8.13\aspectjweaver-1.8.13.jar;D:\repo\org\springframework\cloud\spring-cloud-sleuth-core\2.0.1.RELEASE\spring-cloud-sleuth-core-2.0.1.RELEASE.jar;D:\repo\org\aspectj\aspectjrt\1.8.13\aspectjrt-1.8.13.jar;D:\repo\io\zipkin\brave\brave\5.1.4\brave-5.1.4.jar;D:\repo\io\zipkin\zipkin2\zipkin\2.10.4\zipkin-2.10.4.jar;D:\repo\io\zipkin\reporter2\zipkin-reporter\2.7.7\zipkin-reporter-2.7.7.jar;D:\repo\io\zipkin\brave\brave-context-log4j2\5.1.4\brave-context-log4j2-5.1.4.jar;D:\repo\io\zipkin\brave\brave-instrumentation-spring-web\5.1.4\brave-instrumentation-spring-web-5.1.4.jar;D:\repo\io\zipkin\brave\brave-instrumentation-http\5.1.4\brave-instrumentation-http-5.1.4.jar;D:\repo\io\zipkin\brave\brave-instrumentation-spring-rabbit\5.1.4\brave-instrumentation-spring-rabbit-5.1.4.jar;D:\repo\io\zipkin\brave\brave-instrumentation-kafka-clients\5.1.4\brave-instrumentation-kafka-clients-5.1.4.jar;D:\repo\io\zipkin\brave\brave-instrumentation-httpclient\5.1.4\brave-instrumentation-httpclient-5.1.4.jar;D:\repo\io\zipkin\brave\brave-instrumentation-httpasyncclient\5.1.4\brave-instrumentation-httpasyncclient-5.1.4.jar;D:\repo\io\zipkin\brave\brave-instrumentation-spring-webmvc\5.1.4\brave-instrumentation-spring-webmvc-5.1.4.jar;D:\repo\io\zipkin\brave\brave-instrumentation-servlet\5.1.4\brave-instrumentation-servlet-5.1.4.jar;D:\repo\com\alibaba\druid-spring-boot-starter\1.1.10\druid-spring-boot-starter-1.1.10.jar;D:\repo\com\alibaba\druid\1.1.10\druid-1.1.10.jar;D:\repo\org\slf4j\slf4j-api\1.7.25\slf4j-api-1.7.25.jar;D:\repo\org\springframework\boot\spring-boot-autoconfigure\2.0.4.RELEASE\spring-boot-autoconfigure-2.0.4.RELEASE.jar;D:\repo\org\springframework\boot\spring-boot-starter-jdbc\2.0.4.RELEASE\spring-boot-starter-jdbc-2.0.4.RELEASE.jar;D:\repo\com\zaxxer\HikariCP\2.7.9\HikariCP-2.7.9.jar;D:\repo\org\springframework\spring-jdbc\5.0.8.RELEASE\spring-jdbc-5.0.8.RELEASE.jar;D:\repo\org\springframework\spring-tx\5.0.8.RELEASE\spring-tx-5.0.8.RELEASE.jar;D:\repo\mysql\mysql-connector-java\5.1.21\mysql-connector-java-5.1.21.jar;D:\repo\org\projectlombok\lombok\1.16.14\lombok-1.16.14.jar;D:\repo\io\springfox\springfox-swagger2\2.6.1\springfox-swagger2-2.6.1.jar;D:\repo\io\swagger\swagger-annotations\1.5.10\swagger-annotations-1.5.10.jar;D:\repo\io\swagger\swagger-models\1.5.10\swagger-models-1.5.10.jar;D:\repo\io\springfox\springfox-spi\2.6.1\springfox-spi-2.6.1.jar;D:\repo\io\springfox\springfox-core\2.6.1\springfox-core-2.6.1.jar;D:\repo\io\springfox\springfox-schema\2.6.1\springfox-schema-2.6.1.jar;D:\repo\io\springfox\springfox-swagger-common\2.6.1\springfox-swagger-common-2.6.1.jar;D:\repo\io\springfox\springfox-spring-web\2.6.1\springfox-spring-web-2.6.1.jar;D:\repo\com\google\guava\guava\18.0\guava-18.0.jar;D:\repo\com\fasterxml\classmate\1.3.4\classmate-1.3.4.jar;D:\repo\org\springframework\plugin\spring-plugin-core\1.2.0.RELEASE\spring-plugin-core-1.2.0.RELEASE.jar;D:\repo\org\springframework\plugin\spring-plugin-metadata\1.2.0.RELEASE\spring-plugin-metadata-1.2.0.RELEASE.jar;D:\repo\org\mapstruct\mapstruct\1.0.0.Final\mapstruct-1.0.0.Final.jar;D:\repo\io\springfox\springfox-swagger-ui\2.6.1\springfox-swagger-ui-2.6.1.jar;D:\repo\net\sf\json-lib\json-lib\2.4\json-lib-2.4.jar;D:\repo\commons-beanutils\commons-beanutils\1.8.0\commons-beanutils-1.8.0.jar;D:\repo\commons-collections\commons-collections\3.2.1\commons-collections-3.2.1.jar;D:\repo\commons-lang\commons-lang\2.5\commons-lang-2.5.jar;D:\repo\commons-logging\commons-logging\1.1.1\commons-logging-1.1.1.jar;D:\repo\net\sf\ezmorph\ezmorph\1.0.6\ezmorph-1.0.6.jar;D:\repo\org\codehaus\jackson\jackson-mapper-asl\1.9.13\jackson-mapper-asl-1.9.13.jar;D:\repo\org\codehaus\jackson\jackson-core-asl\1.9.13\jackson-core-asl-1.9.13.jar;D:\repo\org\springframework\boot\spring-boot-starter-test\2.0.4.RELEASE\spring-boot-starter-test-2.0.4.RELEASE.jar;D:\repo\org\springframework\boot\spring-boot-test\2.0.4.RELEASE\spring-boot-test-2.0.4.RELEASE.jar;D:\repo\org\springframework\boot\spring-boot-test-autoconfigure\2.0.4.RELEASE\spring-boot-test-autoconfigure-2.0.4.RELEASE.jar;D:\repo\com\jayway\jsonpath\json-path\2.4.0\json-path-2.4.0.jar;D:\repo\net\minidev\json-smart\2.3\json-smart-2.3.jar;D:\repo\net\minidev\accessors-smart\1.2\accessors-smart-1.2.jar;D:\repo\org\ow2\asm\asm\5.0.4\asm-5.0.4.jar;D:\repo\junit\junit\4.12\junit-4.12.jar;D:\repo\org\assertj\assertj-core\3.9.1\assertj-core-3.9.1.jar;D:\repo\org\mockito\mockito-core\2.15.0\mockito-core-2.15.0.jar;D:\repo\net\bytebuddy\byte-buddy\1.7.11\byte-buddy-1.7.11.jar;D:\repo\net\bytebuddy\byte-buddy-agent\1.7.11\byte-buddy-agent-1.7.11.jar;D:\repo\org\objenesis\objenesis\2.6\objenesis-2.6.jar;D:\repo\org\hamcrest\hamcrest-core\1.3\hamcrest-core-1.3.jar;D:\repo\org\hamcrest\hamcrest-library\1.3\hamcrest-library-1.3.jar;D:\repo\org\skyscreamer\jsonassert\1.5.0\jsonassert-1.5.0.jar;D:\repo\com\vaadin\external\google\android-json\0.0.20131108.vaadin1\android-json-0.0.20131108.vaadin1.jar;D:\repo\org\springframework\spring-core\5.0.8.RELEASE\spring-core-5.0.8.RELEASE.jar;D:\repo\org\springframework\spring-jcl\5.0.8.RELEASE\spring-jcl-5.0.8.RELEASE.jar;D:\repo\org\springframework\spring-test\5.0.8.RELEASE\spring-test-5.0.8.RELEASE.jar;D:\repo\org\xmlunit\xmlunit-core\2.5.1\xmlunit-core-2.5.1.jar;"/>
    <property name="java.vm.vendor" value="Oracle Corporation"/>
    <property name="sun.arch.data.model" value="64"/>
    <property name="user.variant" value=""/>
    <property name="java.vendor.url" value="http://java.oracle.com/"/>
    <property name="user.timezone" value=""/>
    <property name="java.vm.specification.version" value="1.8"/>
    <property name="os.name" value="Windows 7"/>
    <property name="user.country" value="CN"/>
    <property name="sun.java.launcher" value="SUN_STANDARD"/>
    <property name="sun.boot.library.path" value="C:\Program Files\Java\jdk1.8.0_181\jre\bin"/>
    <property name="sun.java.command" value="C:\Users\ADMINI~1\AppData\Local\Temp\surefire3846521460346875066\surefirebooter6128409173104833841.jar C:\Users\Administrator\AppData\Local\Temp\surefire3846521460346875066 2018-09-30T15-26-55_602-jvmRun1 surefire7767999945102319483tmp surefire_08509015283554306341tmp"/>
    <property name="surefire.test.class.path" value="E:\workspace\gamesystem\system_admin\target\test-classes;E:\workspace\gamesystem\system_admin\target\classes;D:\repo\org\springframework\boot\spring-boot-starter-web\2.0.4.RELEASE\spring-boot-starter-web-2.0.4.RELEASE.jar;D:\repo\org\springframework\boot\spring-boot-starter\2.0.4.RELEASE\spring-boot-starter-2.0.4.RELEASE.jar;D:\repo\org\springframework\boot\spring-boot\2.0.4.RELEASE\spring-boot-2.0.4.RELEASE.jar;D:\repo\org\springframework\boot\spring-boot-starter-logging\2.0.4.RELEASE\spring-boot-starter-logging-2.0.4.RELEASE.jar;D:\repo\ch\qos\logback\logback-classic\1.2.3\logback-classic-1.2.3.jar;D:\repo\ch\qos\logback\logback-core\1.2.3\logback-core-1.2.3.jar;D:\repo\org\apache\logging\log4j\log4j-to-slf4j\2.10.0\log4j-to-slf4j-2.10.0.jar;D:\repo\org\apache\logging\log4j\log4j-api\2.10.0\log4j-api-2.10.0.jar;D:\repo\org\slf4j\jul-to-slf4j\1.7.25\jul-to-slf4j-1.7.25.jar;D:\repo\javax\annotation\javax.annotation-api\1.3.2\javax.annotation-api-1.3.2.jar;D:\repo\org\yaml\snakeyaml\1.19\snakeyaml-1.19.jar;D:\repo\org\springframework\boot\spring-boot-starter-json\2.0.4.RELEASE\spring-boot-starter-json-2.0.4.RELEASE.jar;D:\repo\com\fasterxml\jackson\core\jackson-databind\2.9.6\jackson-databind-2.9.6.jar;D:\repo\com\fasterxml\jackson\datatype\jackson-datatype-jdk8\2.9.6\jackson-datatype-jdk8-2.9.6.jar;D:\repo\com\fasterxml\jackson\datatype\jackson-datatype-jsr310\2.9.6\jackson-datatype-jsr310-2.9.6.jar;D:\repo\com\fasterxml\jackson\module\jackson-module-parameter-names\2.9.6\jackson-module-parameter-names-2.9.6.jar;D:\repo\org\springframework\boot\spring-boot-starter-tomcat\2.0.4.RELEASE\spring-boot-starter-tomcat-2.0.4.RELEASE.jar;D:\repo\org\apache\tomcat\embed\tomcat-embed-core\8.5.32\tomcat-embed-core-8.5.32.jar;D:\repo\org\apache\tomcat\embed\tomcat-embed-el\8.5.32\tomcat-embed-el-8.5.32.jar;D:\repo\org\apache\tomcat\embed\tomcat-embed-websocket\8.5.32\tomcat-embed-websocket-8.5.32.jar;D:\repo\org\hibernate\validator\hibernate-validator\6.0.11.Final\hibernate-validator-6.0.11.Final.jar;D:\repo\javax\validation\validation-api\2.0.1.Final\validation-api-2.0.1.Final.jar;D:\repo\org\jboss\logging\jboss-logging\3.3.2.Final\jboss-logging-3.3.2.Final.jar;D:\repo\org\springframework\spring-web\5.0.8.RELEASE\spring-web-5.0.8.RELEASE.jar;D:\repo\org\springframework\spring-beans\5.0.8.RELEASE\spring-beans-5.0.8.RELEASE.jar;D:\repo\org\springframework\spring-webmvc\5.0.8.RELEASE\spring-webmvc-5.0.8.RELEASE.jar;D:\repo\org\springframework\spring-aop\5.0.8.RELEASE\spring-aop-5.0.8.RELEASE.jar;D:\repo\org\springframework\spring-context\5.0.8.RELEASE\spring-context-5.0.8.RELEASE.jar;D:\repo\org\springframework\spring-expression\5.0.8.RELEASE\spring-expression-5.0.8.RELEASE.jar;D:\repo\org\springframework\cloud\spring-cloud-starter-netflix-eureka-client\2.0.1.RELEASE\spring-cloud-starter-netflix-eureka-client-2.0.1.RELEASE.jar;D:\repo\org\springframework\cloud\spring-cloud-starter\2.0.1.RELEASE\spring-cloud-starter-2.0.1.RELEASE.jar;D:\repo\org\springframework\cloud\spring-cloud-context\2.0.1.RELEASE\spring-cloud-context-2.0.1.RELEASE.jar;D:\repo\org\springframework\security\spring-security-crypto\5.0.7.RELEASE\spring-security-crypto-5.0.7.RELEASE.jar;D:\repo\org\springframework\cloud\spring-cloud-commons\2.0.1.RELEASE\spring-cloud-commons-2.0.1.RELEASE.jar;D:\repo\org\springframework\security\spring-security-rsa\1.0.5.RELEASE\spring-security-rsa-1.0.5.RELEASE.jar;D:\repo\org\bouncycastle\bcpkix-jdk15on\1.56\bcpkix-jdk15on-1.56.jar;D:\repo\org\bouncycastle\bcprov-jdk15on\1.56\bcprov-jdk15on-1.56.jar;D:\repo\org\springframework\cloud\spring-cloud-netflix-core\2.0.1.RELEASE\spring-cloud-netflix-core-2.0.1.RELEASE.jar;D:\repo\org\springframework\cloud\spring-cloud-netflix-eureka-client\2.0.1.RELEASE\spring-cloud-netflix-eureka-client-2.0.1.RELEASE.jar;D:\repo\com\netflix\eureka\eureka-client\1.9.3\eureka-client-1.9.3.jar;D:\repo\org\codehaus\jettison\jettison\1.3.7\jettison-1.3.7.jar;D:\repo\stax\stax-api\1.0.1\stax-api-1.0.1.jar;D:\repo\com\netflix\netflix-commons\netflix-eventbus\0.3.0\netflix-eventbus-0.3.0.jar;D:\repo\com\netflix\netflix-commons\netflix-infix\0.3.0\netflix-infix-0.3.0.jar;D:\repo\commons-jxpath\commons-jxpath\1.3\commons-jxpath-1.3.jar;D:\repo\joda-time\joda-time\2.9.9\joda-time-2.9.9.jar;D:\repo\org\antlr\antlr-runtime\3.4\antlr-runtime-3.4.jar;D:\repo\org\antlr\stringtemplate\3.2.1\stringtemplate-3.2.1.jar;D:\repo\antlr\antlr\2.7.7\antlr-2.7.7.jar;D:\repo\com\google\code\gson\gson\2.8.5\gson-2.8.5.jar;D:\repo\org\apache\commons\commons-math\2.2\commons-math-2.2.jar;D:\repo\com\netflix\archaius\archaius-core\0.7.6\archaius-core-0.7.6.jar;D:\repo\javax\ws\rs\jsr311-api\1.1.1\jsr311-api-1.1.1.jar;D:\repo\com\netflix\servo\servo-core\0.12.21\servo-core-0.12.21.jar;D:\repo\com\sun\jersey\jersey-core\1.19.1\jersey-core-1.19.1.jar;D:\repo\com\sun\jersey\jersey-client\1.19.1\jersey-client-1.19.1.jar;D:\repo\com\sun\jersey\contribs\jersey-apache-client4\1.19.1\jersey-apache-client4-1.19.1.jar;D:\repo\org\apache\httpcomponents\httpclient\4.5.6\httpclient-4.5.6.jar;D:\repo\org\apache\httpcomponents\httpcore\4.4.10\httpcore-4.4.10.jar;D:\repo\commons-codec\commons-codec\1.11\commons-codec-1.11.jar;D:\repo\com\google\inject\guice\4.1.0\guice-4.1.0.jar;D:\repo\javax\inject\javax.inject\1\javax.inject-1.jar;D:\repo\aopalliance\aopalliance\1.0\aopalliance-1.0.jar;D:\repo\com\github\vlsi\compactmap\compactmap\1.2.1\compactmap-1.2.1.jar;D:\repo\com\github\andrewoma\dexx\dexx-collections\0.2\dexx-collections-0.2.jar;D:\repo\com\fasterxml\jackson\core\jackson-annotations\2.9.0\jackson-annotations-2.9.0.jar;D:\repo\com\fasterxml\jackson\core\jackson-core\2.9.6\jackson-core-2.9.6.jar;D:\repo\com\netflix\eureka\eureka-core\1.9.3\eureka-core-1.9.3.jar;D:\repo\org\codehaus\woodstox\woodstox-core-asl\4.4.1\woodstox-core-asl-4.4.1.jar;D:\repo\javax\xml\stream\stax-api\1.0-2\stax-api-1.0-2.jar;D:\repo\org\codehaus\woodstox\stax2-api\3.1.4\stax2-api-3.1.4.jar;D:\repo\org\springframework\cloud\spring-cloud-starter-netflix-archaius\2.0.1.RELEASE\spring-cloud-starter-netflix-archaius-2.0.1.RELEASE.jar;D:\repo\org\springframework\cloud\spring-cloud-netflix-ribbon\2.0.1.RELEASE\spring-cloud-netflix-ribbon-2.0.1.RELEASE.jar;D:\repo\org\springframework\cloud\spring-cloud-netflix-archaius\2.0.1.RELEASE\spring-cloud-netflix-archaius-2.0.1.RELEASE.jar;D:\repo\commons-configuration\commons-configuration\1.8\commons-configuration-1.8.jar;D:\repo\org\springframework\cloud\spring-cloud-starter-netflix-ribbon\2.0.1.RELEASE\spring-cloud-starter-netflix-ribbon-2.0.1.RELEASE.jar;D:\repo\com\netflix\ribbon\ribbon\2.2.5\ribbon-2.2.5.jar;D:\repo\com\netflix\ribbon\ribbon-transport\2.2.5\ribbon-transport-2.2.5.jar;D:\repo\io\reactivex\rxnetty-contexts\0.4.9\rxnetty-contexts-0.4.9.jar;D:\repo\io\reactivex\rxnetty-servo\0.4.9\rxnetty-servo-0.4.9.jar;D:\repo\com\netflix\hystrix\hystrix-core\1.5.12\hystrix-core-1.5.12.jar;D:\repo\org\hdrhistogram\HdrHistogram\2.1.9\HdrHistogram-2.1.9.jar;D:\repo\io\reactivex\rxnetty\0.4.9\rxnetty-0.4.9.jar;D:\repo\io\netty\netty-codec-http\4.1.27.Final\netty-codec-http-4.1.27.Final.jar;D:\repo\io\netty\netty-codec\4.1.27.Final\netty-codec-4.1.27.Final.jar;D:\repo\io\netty\netty-transport-native-epoll\4.1.27.Final\netty-transport-native-epoll-4.1.27.Final.jar;D:\repo\io\netty\netty-common\4.1.27.Final\netty-common-4.1.27.Final.jar;D:\repo\io\netty\netty-buffer\4.1.27.Final\netty-buffer-4.1.27.Final.jar;D:\repo\io\netty\netty-transport-native-unix-common\4.1.27.Final\netty-transport-native-unix-common-4.1.27.Final.jar;D:\repo\io\netty\netty-transport\4.1.27.Final\netty-transport-4.1.27.Final.jar;D:\repo\io\netty\netty-resolver\4.1.27.Final\netty-resolver-4.1.27.Final.jar;D:\repo\com\netflix\ribbon\ribbon-core\2.2.5\ribbon-core-2.2.5.jar;D:\repo\com\netflix\ribbon\ribbon-httpclient\2.2.5\ribbon-httpclient-2.2.5.jar;D:\repo\com\netflix\netflix-commons\netflix-commons-util\0.3.0\netflix-commons-util-0.3.0.jar;D:\repo\com\netflix\ribbon\ribbon-loadbalancer\2.2.5\ribbon-loadbalancer-2.2.5.jar;D:\repo\com\netflix\netflix-commons\netflix-statistics\0.1.1\netflix-statistics-0.1.1.jar;D:\repo\io\reactivex\rxjava\1.3.8\rxjava-1.3.8.jar;D:\repo\com\netflix\ribbon\ribbon-eureka\2.2.5\ribbon-eureka-2.2.5.jar;D:\repo\com\thoughtworks\xstream\xstream\1.4.10\xstream-1.4.10.jar;D:\repo\xmlpull\xmlpull\1.1.3.1\xmlpull-1.1.3.1.jar;D:\repo\xpp3\xpp3_min\1.1.4c\xpp3_min-1.1.4c.jar;D:\repo\org\springframework\cloud\spring-cloud-starter-sleuth\2.0.1.RELEASE\spring-cloud-starter-sleuth-2.0.1.RELEASE.jar;D:\repo\org\springframework\boot\spring-boot-starter-aop\2.0.4.RELEASE\spring-boot-starter-aop-2.0.4.RELEASE.jar;D:\repo\org\aspectj\aspectjweaver\1.8.13\aspectjweaver-1.8.13.jar;D:\repo\org\springframework\cloud\spring-cloud-sleuth-core\2.0.1.RELEASE\spring-cloud-sleuth-core-2.0.1.RELEASE.jar;D:\repo\org\aspectj\aspectjrt\1.8.13\aspectjrt-1.8.13.jar;D:\repo\io\zipkin\brave\brave\5.1.4\brave-5.1.4.jar;D:\repo\io\zipkin\zipkin2\zipkin\2.10.4\zipkin-2.10.4.jar;D:\repo\io\zipkin\reporter2\zipkin-reporter\2.7.7\zipkin-reporter-2.7.7.jar;D:\repo\io\zipkin\brave\brave-context-log4j2\5.1.4\brave-context-log4j2-5.1.4.jar;D:\repo\io\zipkin\brave\brave-instrumentation-spring-web\5.1.4\brave-instrumentation-spring-web-5.1.4.jar;D:\repo\io\zipkin\brave\brave-instrumentation-http\5.1.4\brave-instrumentation-http-5.1.4.jar;D:\repo\io\zipkin\brave\brave-instrumentation-spring-rabbit\5.1.4\brave-instrumentation-spring-rabbit-5.1.4.jar;D:\repo\io\zipkin\brave\brave-instrumentation-kafka-clients\5.1.4\brave-instrumentation-kafka-clients-5.1.4.jar;D:\repo\io\zipkin\brave\brave-instrumentation-httpclient\5.1.4\brave-instrumentation-httpclient-5.1.4.jar;D:\repo\io\zipkin\brave\brave-instrumentation-httpasyncclient\5.1.4\brave-instrumentation-httpasyncclient-5.1.4.jar;D:\repo\io\zipkin\brave\brave-instrumentation-spring-webmvc\5.1.4\brave-instrumentation-spring-webmvc-5.1.4.jar;D:\repo\io\zipkin\brave\brave-instrumentation-servlet\5.1.4\brave-instrumentation-servlet-5.1.4.jar;D:\repo\com\alibaba\druid-spring-boot-starter\1.1.10\druid-spring-boot-starter-1.1.10.jar;D:\repo\com\alibaba\druid\1.1.10\druid-1.1.10.jar;D:\repo\org\slf4j\slf4j-api\1.7.25\slf4j-api-1.7.25.jar;D:\repo\org\springframework\boot\spring-boot-autoconfigure\2.0.4.RELEASE\spring-boot-autoconfigure-2.0.4.RELEASE.jar;D:\repo\org\springframework\boot\spring-boot-starter-jdbc\2.0.4.RELEASE\spring-boot-starter-jdbc-2.0.4.RELEASE.jar;D:\repo\com\zaxxer\HikariCP\2.7.9\HikariCP-2.7.9.jar;D:\repo\org\springframework\spring-jdbc\5.0.8.RELEASE\spring-jdbc-5.0.8.RELEASE.jar;D:\repo\org\springframework\spring-tx\5.0.8.RELEASE\spring-tx-5.0.8.RELEASE.jar;D:\repo\mysql\mysql-connector-java\5.1.21\mysql-connector-java-5.1.21.jar;D:\repo\org\projectlombok\lombok\1.16.14\lombok-1.16.14.jar;D:\repo\io\springfox\springfox-swagger2\2.6.1\springfox-swagger2-2.6.1.jar;D:\repo\io\swagger\swagger-annotations\1.5.10\swagger-annotations-1.5.10.jar;D:\repo\io\swagger\swagger-models\1.5.10\swagger-models-1.5.10.jar;D:\repo\io\springfox\springfox-spi\2.6.1\springfox-spi-2.6.1.jar;D:\repo\io\springfox\springfox-core\2.6.1\springfox-core-2.6.1.jar;D:\repo\io\springfox\springfox-schema\2.6.1\springfox-schema-2.6.1.jar;D:\repo\io\springfox\springfox-swagger-common\2.6.1\springfox-swagger-common-2.6.1.jar;D:\repo\io\springfox\springfox-spring-web\2.6.1\springfox-spring-web-2.6.1.jar;D:\repo\com\google\guava\guava\18.0\guava-18.0.jar;D:\repo\com\fasterxml\classmate\1.3.4\classmate-1.3.4.jar;D:\repo\org\springframework\plugin\spring-plugin-core\1.2.0.RELEASE\spring-plugin-core-1.2.0.RELEASE.jar;D:\repo\org\springframework\plugin\spring-plugin-metadata\1.2.0.RELEASE\spring-plugin-metadata-1.2.0.RELEASE.jar;D:\repo\org\mapstruct\mapstruct\1.0.0.Final\mapstruct-1.0.0.Final.jar;D:\repo\io\springfox\springfox-swagger-ui\2.6.1\springfox-swagger-ui-2.6.1.jar;D:\repo\net\sf\json-lib\json-lib\2.4\json-lib-2.4.jar;D:\repo\commons-beanutils\commons-beanutils\1.8.0\commons-beanutils-1.8.0.jar;D:\repo\commons-collections\commons-collections\3.2.1\commons-collections-3.2.1.jar;D:\repo\commons-lang\commons-lang\2.5\commons-lang-2.5.jar;D:\repo\commons-logging\commons-logging\1.1.1\commons-logging-1.1.1.jar;D:\repo\net\sf\ezmorph\ezmorph\1.0.6\ezmorph-1.0.6.jar;D:\repo\org\codehaus\jackson\jackson-mapper-asl\1.9.13\jackson-mapper-asl-1.9.13.jar;D:\repo\org\codehaus\jackson\jackson-core-asl\1.9.13\jackson-core-asl-1.9.13.jar;D:\repo\org\springframework\boot\spring-boot-starter-test\2.0.4.RELEASE\spring-boot-starter-test-2.0.4.RELEASE.jar;D:\repo\org\springframework\boot\spring-boot-test\2.0.4.RELEASE\spring-boot-test-2.0.4.RELEASE.jar;D:\repo\org\springframework\boot\spring-boot-test-autoconfigure\2.0.4.RELEASE\spring-boot-test-autoconfigure-2.0.4.RELEASE.jar;D:\repo\com\jayway\jsonpath\json-path\2.4.0\json-path-2.4.0.jar;D:\repo\net\minidev\json-smart\2.3\json-smart-2.3.jar;D:\repo\net\minidev\accessors-smart\1.2\accessors-smart-1.2.jar;D:\repo\org\ow2\asm\asm\5.0.4\asm-5.0.4.jar;D:\repo\junit\junit\4.12\junit-4.12.jar;D:\repo\org\assertj\assertj-core\3.9.1\assertj-core-3.9.1.jar;D:\repo\org\mockito\mockito-core\2.15.0\mockito-core-2.15.0.jar;D:\repo\net\bytebuddy\byte-buddy\1.7.11\byte-buddy-1.7.11.jar;D:\repo\net\bytebuddy\byte-buddy-agent\1.7.11\byte-buddy-agent-1.7.11.jar;D:\repo\org\objenesis\objenesis\2.6\objenesis-2.6.jar;D:\repo\org\hamcrest\hamcrest-core\1.3\hamcrest-core-1.3.jar;D:\repo\org\hamcrest\hamcrest-library\1.3\hamcrest-library-1.3.jar;D:\repo\org\skyscreamer\jsonassert\1.5.0\jsonassert-1.5.0.jar;D:\repo\com\vaadin\external\google\android-json\0.0.20131108.vaadin1\android-json-0.0.20131108.vaadin1.jar;D:\repo\org\springframework\spring-core\5.0.8.RELEASE\spring-core-5.0.8.RELEASE.jar;D:\repo\org\springframework\spring-jcl\5.0.8.RELEASE\spring-jcl-5.0.8.RELEASE.jar;D:\repo\org\springframework\spring-test\5.0.8.RELEASE\spring-test-5.0.8.RELEASE.jar;D:\repo\org\xmlunit\xmlunit-core\2.5.1\xmlunit-core-2.5.1.jar;"/>
    <property name="sun.cpu.endian" value="little"/>
    <property name="user.home" value="C:\Users\Administrator"/>
    <property name="user.language" value="zh"/>
    <property name="java.specification.vendor" value="Oracle Corporation"/>
    <property name="java.home" value="C:\Program Files\Java\jdk1.8.0_181\jre"/>
    <property name="basedir" value="E:\workspace\gamesystem\system_admin"/>
    <property name="file.separator" value="\"/>
    <property name="line.separator" value="&#10;"/>
    <property name="java.vm.specification.vendor" value="Oracle Corporation"/>
    <property name="java.specification.name" value="Java Platform API Specification"/>
    <property name="java.awt.graphicsenv" value="sun.awt.Win32GraphicsEnvironment"/>
    <property name="surefire.real.class.path" value="C:\Users\ADMINI~1\AppData\Local\Temp\surefire3846521460346875066\surefirebooter6128409173104833841.jar"/>
    <property name="sun.boot.class.path" value="C:\Program Files\Java\jdk1.8.0_181\jre\lib\resources.jar;C:\Program Files\Java\jdk1.8.0_181\jre\lib\rt.jar;C:\Program Files\Java\jdk1.8.0_181\jre\lib\sunrsasign.jar;C:\Program Files\Java\jdk1.8.0_181\jre\lib\jsse.jar;C:\Program Files\Java\jdk1.8.0_181\jre\lib\jce.jar;C:\Program Files\Java\jdk1.8.0_181\jre\lib\charsets.jar;C:\Program Files\Java\jdk1.8.0_181\jre\lib\jfr.jar;C:\Program Files\Java\jdk1.8.0_181\jre\classes"/>
    <property name="user.script" value=""/>
    <property name="sun.management.compiler" value="HotSpot 64-Bit Tiered Compilers"/>
    <property name="java.runtime.version" value="1.8.0_181-b13"/>
    <property name="user.name" value="Administrator"/>
    <property name="path.separator" value=";"/>
    <property name="os.version" value="6.1"/>
    <property name="java.endorsed.dirs" value="C:\Program Files\Java\jdk1.8.0_181\jre\lib\endorsed"/>
    <property name="java.runtime.name" value="Java(TM) SE Runtime Environment"/>
    <property name="file.encoding" value="GBK"/>
    <property name="java.vm.name" value="Java HotSpot(TM) 64-Bit Server VM"/>
    <property name="localRepository" value="D:\repo"/>
    <property name="java.vendor.url.bug" value="http://bugreport.sun.com/bugreport/"/>
    <property name="java.io.tmpdir" value="C:\Users\ADMINI~1\AppData\Local\Temp\"/>
    <property name="idea.version" value="2018.2.4"/>
    <property name="java.version" value="1.8.0_181"/>
    <property name="user.dir" value="E:\workspace\gamesystem\system_admin"/>
    <property name="os.arch" value="amd64"/>
    <property name="java.vm.specification.name" value="Java Virtual Machine Specification"/>
    <property name="java.awt.printerjob" value="sun.awt.windows.WPrinterJob"/>
    <property name="sun.os.patch.level" value="Service Pack 1"/>
    <property name="java.library.path" value="C:\Program Files\Java\jdk1.8.0_181\jre\bin;C:\Windows\Sun\Java\bin;C:\Windows\system32;C:\Windows;C:\Program Files (x86)\Common Files\Oracle\Java\javapath;C:\Windows\system32;C:\Windows;C:\Windows\System32\Wbem;C:\Windows\System32\WindowsPowerShell\v1.0\;D:\apache-maven-3.5.4\bin;C:\Program Files\Git\cmd;C:\Program Files\Git\usr\bin;C:\Program Files\TortoiseGit\bin;C:\Program Files\nodejs\;C:\Users\Administrator\AppData\Local\GitHubDesktop\bin;C:\Users\Administrator\AppData\Roaming\npm;."/>
    <property name="java.vm.info" value="mixed mode"/>
    <property name="java.vendor" value="Oracle Corporation"/>
    <property name="java.vm.version" value="25.181-b13"/>
    <property name="java.ext.dirs" value="C:\Program Files\Java\jdk1.8.0_181\jre\lib\ext;C:\Windows\Sun\Java\lib\ext"/>
    <property name="sun.io.unicode.encoding" value="UnicodeLittle"/>
    <property name="maven.repo.local" value="D:\repo"/>
    <property name="java.class.version" value="52.0"/>
  </properties>
  <testcase name="contextLoads" classname="com.system.SystemAdminApplicationTests" time="0.093"/>
</testsuite>